Arguments: 
  C:\Program Files\nodejs\node.exe C:\Users\Est1401\AppData\Roaming\npm\node_modules\yarn\bin\yarn.js init

PATH: 
  C:\Users\Est1401\bin;C:\Program Files\Git\mingw32\bin;C:\Program Files\Git\usr\local\bin;C:\Program Files\Git\usr\bin;C:\Program Files\Git\usr\bin;C:\Program Files\Git\mingw32\bin;C:\Program Files\Git\usr\bin;C:\Users\Est1401\bin;C:\ProgramData\Oracle\Java\javapath;C:\Windows\system32;C:\Windows;C:\Windows\System32\Wbem;C:\Windows\System32\WindowsPowerShell\v1.0;C:\Program Files\Kofax\ImgCtls\bin;C:\Program Files\Git\cmd;C:\Program Files\nodejs;C:\Users\Est1401\AppData\Roaming\npm;C:\Users\Est1401\AppData\Local\Programs\Microsoft VS Code\bin;C:\Program Files\Git\usr\bin\vendor_perl;C:\Program Files\Git\usr\bin\core_perl

Yarn version: 
  1.16.0

Node version: 
  10.15.0

Platform: 
  win32 ia32

Trace: 
  Error: Can't answer a question unless a user TTY
      at ConsoleReporter.question (C:\Users\Est1401\AppData\Roaming\npm\node_modules\yarn\lib\cli.js:96033:59)
      at Object.<anonymous> (C:\Users\Est1401\AppData\Roaming\npm\node_modules\yarn\lib\cli.js:88394:38)
      at Generator.next (<anonymous>)
      at step (C:\Users\Est1401\AppData\Roaming\npm\node_modules\yarn\lib\cli.js:304:30)
      at C:\Users\Est1401\AppData\Roaming\npm\node_modules\yarn\lib\cli.js:315:13

npm manifest: 
  No manifest

yarn manifest: 
  No manifest

Lockfile: 
  No lockfile
